<?xml version="1.0" encoding="UTF-8"?>
<!-- Generated by org.testng.reporters.JUnitReportReporter -->
<testsuite hostname="DESKTOP-N4P7BLC" failures="0" tests="1" name="com.koo.tests.loginlogout.KooLoginLogout$DemoTests" time="23.721" errors="0" timestamp="2023-06-03T21:16:39 IST" skipped="0">
  <testcase classname="com.koo.tests.loginlogout.KooLoginLogout$DemoTests" name="TestCase_Demo_1" time="23.721"/>
  <system-out/>
</testsuite> <!-- com.koo.tests.loginlogout.KooLoginLogout$DemoTests -->
