<?xml version="1.0" encoding="UTF-8"?>
<!-- Generated by org.testng.reporters.JUnitReportReporter -->
<testsuite hostname="DESKTOP-N4P7BLC" failures="0" tests="1" name="com.framework.android.testcases.topicsTests.TopicWidgetTest" time="152.407" errors="0" timestamp="2023-06-25T20:59:23 IST" skipped="0">
  <testcase classname="com.framework.android.testcases.topicsTests.TopicWidgetTest" name="TC_50_51_verifyTopicTabPage" time="152.407"/>
  <system-out/>
</testsuite> <!-- com.framework.android.testcases.topicsTests.TopicWidgetTest -->
