<?xml version="1.0" encoding="UTF-8"?>
<!-- Generated by org.testng.reporters.JUnitReportReporter -->
<testsuite hostname="DESKTOP-N4P7BLC" failures="0" tests="1" name="com.framework.android.testcases.topicsTests.TopicsTabTest" time="95.029" errors="0" timestamp="2023-06-25T20:18:31 IST" skipped="0">
  <testcase classname="com.framework.android.testcases.topicsTests.TopicsTabTest" name="TC_134_verifyTopicsTabPositionOnHomePage" time="95.029"/>
  <system-out/>
</testsuite> <!-- com.framework.android.testcases.topicsTests.TopicsTabTest -->
