<?xml version="1.0" encoding="UTF-8"?>
<!-- Generated by org.testng.reporters.JUnitReportReporter -->
<testsuite hostname="DESKTOP-6V4BN1U" failures="0" tests="1" name="com.framework.android.testcases.topicsTests.TopicWidgetTest" time="228.957" errors="0" timestamp="2023-06-28T16:14:24 IST" skipped="0">
  <testcase classname="com.framework.android.testcases.topicsTests.TopicWidgetTest" name="TC_054_055_verifyManageTopicsPage" time="228.957"/>
  <system-out/>
</testsuite> <!-- com.framework.android.testcases.topicsTests.TopicWidgetTest -->
