<?xml version="1.0" encoding="UTF-8"?>
<!-- Generated by org.testng.reporters.JUnitReportReporter -->
<testsuite hostname="DESKTOP-N4P7BLC" failures="0" tests="1" name="com.koo.loginflow.LanguageSelectionTest" time="800.081" errors="0" timestamp="2023-06-13T21:32:40 IST" skipped="0">
  <testcase classname="com.koo.loginflow.LanguageSelectionTest" name="verifyAvailableLanguagesInSameLanguage" time="800.081"/>
  <system-out/>
</testsuite> <!-- com.koo.loginflow.LanguageSelectionTest -->
