<?xml version="1.0" encoding="UTF-8"?>
<!-- Generated by org.testng.reporters.JUnitReportReporter -->
<testsuite hostname="DESKTOP-N4P7BLC" failures="0" tests="1" name="com.koo.registrationAndLoginFlowTests.LoginKooTest" time="113.923" errors="0" timestamp="2023-06-24T21:48:52 IST" skipped="0">
  <testcase classname="com.koo.registrationAndLoginFlowTests.LoginKooTest" name="TC_006_verifyUserLoginWithOTP" time="113.923"/>
  <system-out/>
</testsuite> <!-- com.koo.registrationAndLoginFlowTests.LoginKooTest -->
