<?xml version="1.0" encoding="UTF-8"?>
<!-- Generated by org.testng.reporters.JUnitReportReporter -->
<testsuite hostname="DESKTOP-N4P7BLC" failures="0" tests="1" name="com.pcex.tests.home.DemoTests" time="45.264" errors="0" timestamp="2023-02-09T15:15:00 IST" skipped="0">
  <testcase classname="com.pcex.tests.home.DemoTests" name="TestCase_Demo_1" time="45.264"/>
  <system-out/>
</testsuite> <!-- com.pcex.tests.home.DemoTests -->
