<?xml version="1.0" encoding="UTF-8"?>
<!-- Generated by org.testng.reporters.JUnitReportReporter -->
<testsuite hostname="DESKTOP-N4P7BLC" failures="0" tests="4" name="com.maxhis.tests.home.DemoTests" time="471.852" errors="0" timestamp="2023-03-16T16:44:42 IST" skipped="0">
  <testcase classname="com.maxhis.tests.home.DemoTests" name="TestCase_Demo_4" time="97.980"/>
  <system-out/>
  <testcase classname="com.maxhis.tests.home.DemoTests" name="TestCase_Demo_1" time="157.879"/>
  <system-out/>
  <testcase classname="com.maxhis.tests.home.DemoTests" name="TestCase_Demo_2" time="141.017"/>
  <system-out/>
  <testcase classname="com.maxhis.tests.home.DemoTests" name="TestCase_Demo_3" time="74.976"/>
  <system-out/>
</testsuite> <!-- com.maxhis.tests.home.DemoTests -->
